This file contains any messages produced by compilers while
running configure, to aid debugging if configure makes a mistake.

It was created by libjaylink configure 0.2.0, which was
generated by GNU Autoconf 2.69.  Invocation command line was

  $ /home/mihai/Programs/openocd_nrf52/openocd-code/src/jtag/drivers/libjaylink/configure --enable-subproject-build --disable-option-checking --prefix=/usr/local --cache-file=/dev/null --srcdir=.

## --------- ##
## Platform. ##
## --------- ##

hostname = Pluto
uname -m = x86_64
uname -r = 4.8.0-53-generic
uname -s = Linux
uname -v = #56~16.04.1-Ubuntu SMP Tue May 16 01:18:56 UTC 2017

/usr/bin/uname -p = unknown
/bin/uname -X     = unknown

/bin/arch              = unknown
/usr/bin/arch -k       = unknown
/usr/convex/getsysinfo = unknown
/usr/bin/hostinfo      = unknown
/bin/machine           = unknown
/usr/bin/oslevel       = unknown
/bin/universe          = unknown

PATH: /home/mihai/bin
PATH: /home/mihai/.local/bin
PATH: /usr/local/sbin
PATH: /usr/local/bin
PATH: /usr/sbin
PATH: /usr/bin
PATH: /sbin
PATH: /bin
PATH: /usr/games
PATH: /usr/local/games


## ----------- ##
## Core tests. ##
## ----------- ##

configure:2211: checking build system type
configure:2225: result: x86_64-pc-linux-gnu
configure:2245: checking host system type
configure:2258: result: x86_64-pc-linux-gnu
configure:2295: checking for a BSD-compatible install
configure:2363: result: /usr/bin/install -c
configure:2374: checking whether build environment is sane
configure:2429: result: yes
configure:2580: checking for a thread-safe mkdir -p
configure:2619: result: /bin/mkdir -p
configure:2626: checking for gawk
configure:2642: found /usr/bin/gawk
configure:2653: result: gawk
configure:2664: checking whether make sets $(MAKE)
configure:2686: result: yes
configure:2715: checking whether make supports nested variables
configure:2732: result: yes
configure:2912: checking for gcc
configure:2928: found /usr/bin/gcc
configure:2939: result: gcc
configure:3168: checking for C compiler version
configure:3177: gcc --version >&5
gcc (Ubuntu 5.4.0-6ubuntu1~16.04.5) 5.4.0 20160609
Copyright (C) 2015 Free Software Foundation, Inc.
This is free software; see the source for copying conditions.  There is NO
warranty; not even for MERCHANTABILITY or FITNESS FOR A PARTICULAR PURPOSE.

configure:3188: $? = 0
configure:3177: gcc -v >&5
Using built-in specs.
COLLECT_GCC=gcc
COLLECT_LTO_WRAPPER=/usr/lib/gcc/x86_64-linux-gnu/5/lto-wrapper
Target: x86_64-linux-gnu
Configured with: ../src/configure -v --with-pkgversion='Ubuntu 5.4.0-6ubuntu1~16.04.5' --with-bugurl=file:///usr/share/doc/gcc-5/README.Bugs --enable-languages=c,ada,c++,java,go,d,fortran,objc,obj-c++ --prefix=/usr --program-suffix=-5 --enable-shared --enable-linker-build-id --libexecdir=/usr/lib --without-included-gettext --enable-threads=posix --libdir=/usr/lib --enable-nls --with-sysroot=/ --enable-clocale=gnu --enable-libstdcxx-debug --enable-libstdcxx-time=yes --with-default-libstdcxx-abi=new --enable-gnu-unique-object --disable-vtable-verify --enable-libmpx --enable-plugin --with-system-zlib --disable-browser-plugin --enable-java-awt=gtk --enable-gtk-cairo --with-java-home=/usr/lib/jvm/java-1.5.0-gcj-5-amd64/jre --enable-java-home --with-jvm-root-dir=/usr/lib/jvm/java-1.5.0-gcj-5-amd64 --with-jvm-jar-dir=/usr/lib/jvm-exports/java-1.5.0-gcj-5-amd64 --with-arch-directory=amd64 --with-ecj-jar=/usr/share/java/eclipse-ecj.jar --enable-objc-gc --enable-multiarch --disable-werror --with-arch-32=i686 --with-abi=m64 --with-multilib-list=m32,m64,mx32 --enable-multilib --with-tune=generic --enable-checking=release --build=x86_64-linux-gnu --host=x86_64-linux-gnu --target=x86_64-linux-gnu
Thread model: posix
gcc version 5.4.0 20160609 (Ubuntu 5.4.0-6ubuntu1~16.04.5) 
configure:3188: $? = 0
configure:3177: gcc -V >&5
gcc: error: unrecognized command line option '-V'
gcc: fatal error: no input files
compilation terminated.
configure:3188: $? = 1
configure:3177: gcc -qversion >&5
gcc: error: unrecognized command line option '-qversion'
gcc: fatal error: no input files
compilation terminated.
configure:3188: $? = 1
configure:3208: checking whether the C compiler works
configure:3230: gcc    conftest.c  >&5
configure:3234: $? = 0
configure:3282: result: yes
configure:3285: checking for C compiler default output file name
configure:3287: result: a.out
configure:3293: checking for suffix of executables
configure:3300: gcc -o conftest    conftest.c  >&5
configure:3304: $? = 0
configure:3326: result: 
configure:3348: checking whether we are cross compiling
configure:3356: gcc -o conftest    conftest.c  >&5
configure:3360: $? = 0
configure:3367: ./conftest
configure:3371: $? = 0
configure:3386: result: no
configure:3391: checking for suffix of object files
configure:3413: gcc -c   conftest.c >&5
configure:3417: $? = 0
configure:3438: result: o
configure:3442: checking whether we are using the GNU C compiler
configure:3461: gcc -c   conftest.c >&5
configure:3461: $? = 0
configure:3470: result: yes
configure:3479: checking whether gcc accepts -g
configure:3499: gcc -c -g  conftest.c >&5
configure:3499: $? = 0
configure:3540: result: yes
configure:3557: checking for gcc option to accept ISO C89
configure:3620: gcc  -c -g -O2  conftest.c >&5
configure:3620: $? = 0
configure:3633: result: none needed
configure:3658: checking whether gcc understands -c and -o together
configure:3680: gcc -c conftest.c -o conftest2.o
configure:3683: $? = 0
configure:3680: gcc -c conftest.c -o conftest2.o
configure:3683: $? = 0
configure:3695: result: yes
configure:3723: checking for style of include used by make
configure:3751: result: GNU
configure:3777: checking dependency style of gcc
configure:3888: result: gcc3
configure:3957: checking for ar
configure:3973: found /usr/bin/ar
configure:3984: result: ar
configure:4010: checking the archiver (ar) interface
configure:4026: gcc -c -g -O2  conftest.c >&5
configure:4026: $? = 0
configure:4028: ar cru libconftest.a conftest.o >&5
ar: `u' modifier ignored since `D' is the default (see `U')
configure:4031: $? = 0
configure:4059: result: ar
configure:4127: checking how to print strings
configure:4154: result: printf
configure:4175: checking for a sed that does not truncate output
configure:4239: result: /bin/sed
configure:4257: checking for grep that handles long lines and -e
configure:4315: result: /bin/grep
configure:4320: checking for egrep
configure:4382: result: /bin/grep -E
configure:4387: checking for fgrep
configure:4449: result: /bin/grep -F
configure:4484: checking for ld used by gcc
configure:4551: result: /usr/bin/ld
configure:4558: checking if the linker (/usr/bin/ld) is GNU ld
configure:4573: result: yes
configure:4585: checking for BSD- or MS-compatible name lister (nm)
configure:4639: result: /usr/bin/nm -B
configure:4769: checking the name lister (/usr/bin/nm -B) interface
configure:4776: gcc -c -g -O2  conftest.c >&5
configure:4779: /usr/bin/nm -B "conftest.o"
configure:4782: output
0000000000000000 B some_variable
configure:4789: result: BSD nm
configure:4792: checking whether ln -s works
configure:4796: result: yes
configure:4804: checking the maximum length of command line arguments
configure:4935: result: 1572864
configure:4983: checking how to convert x86_64-pc-linux-gnu file names to x86_64-pc-linux-gnu format
configure:5023: result: func_convert_file_noop
configure:5030: checking how to convert x86_64-pc-linux-gnu file names to toolchain format
configure:5050: result: func_convert_file_noop
configure:5057: checking for /usr/bin/ld option to reload object files
configure:5064: result: -r
configure:5138: checking for objdump
configure:5154: found /usr/bin/objdump
configure:5165: result: objdump
configure:5197: checking how to recognize dependent libraries
configure:5397: result: pass_all
configure:5482: checking for dlltool
configure:5512: result: no
configure:5542: checking how to associate runtime and link libraries
configure:5569: result: printf %s\n
configure:5693: checking for archiver @FILE support
configure:5710: gcc -c -g -O2  conftest.c >&5
configure:5710: $? = 0
configure:5713: ar cru libconftest.a @conftest.lst >&5
ar: `u' modifier ignored since `D' is the default (see `U')
configure:5716: $? = 0
configure:5721: ar cru libconftest.a @conftest.lst >&5
ar: `u' modifier ignored since `D' is the default (see `U')
ar: conftest.o: No such file or directory
configure:5724: $? = 1
configure:5736: result: @
configure:5794: checking for strip
configure:5810: found /usr/bin/strip
configure:5821: result: strip
configure:5893: checking for ranlib
configure:5909: found /usr/bin/ranlib
configure:5920: result: ranlib
configure:6022: checking command to parse /usr/bin/nm -B output from gcc object
configure:6175: gcc -c -g -O2  conftest.c >&5
configure:6178: $? = 0
configure:6182: /usr/bin/nm -B conftest.o \| sed -n -e 's/^.*[ ]\([ABCDGIRSTW][ABCDGIRSTW]*\)[ ][ ]*\([_A-Za-z][_A-Za-z0-9]*\)$/\1 \2 \2/p' | sed '/ __gnu_lto/d' \> conftest.nm
configure:6185: $? = 0
configure:6251: gcc -o conftest -g -O2   conftest.c conftstm.o >&5
configure:6254: $? = 0
configure:6292: result: ok
configure:6339: checking for sysroot
configure:6369: result: no
configure:6376: checking for a working dd
configure:6414: result: /bin/dd
configure:6418: checking how to truncate binary pipes
configure:6433: result: /bin/dd bs=4096 count=1
configure:6569: gcc -c -g -O2  conftest.c >&5
configure:6572: $? = 0
configure:6762: checking for mt
configure:6778: found /bin/mt
configure:6789: result: mt
configure:6812: checking if mt is a manifest tool
configure:6818: mt '-?'
configure:6826: result: no
configure:7503: checking how to run the C preprocessor
configure:7534: gcc -E  conftest.c
configure:7534: $? = 0
configure:7548: gcc -E  conftest.c
conftest.c:11:28: fatal error: ac_nonexistent.h: No such file or directory
compilation terminated.
configure:7548: $? = 1
configure: failed program was:
| /* confdefs.h */
| #define PACKAGE_NAME "libjaylink"
| #define PACKAGE_TARNAME "libjaylink"
| #define PACKAGE_VERSION "0.2.0"
| #define PACKAGE_STRING "libjaylink 0.2.0"
| #define PACKAGE_BUGREPORT "jaylink-dev@marcschink.de"
| #define PACKAGE_URL "http://git.zapb.de/libjaylink.git"
| #define PACKAGE "libjaylink"
| #define VERSION "0.2.0"
| /* end confdefs.h.  */
| #include <ac_nonexistent.h>
configure:7573: result: gcc -E
configure:7593: gcc -E  conftest.c
configure:7593: $? = 0
configure:7607: gcc -E  conftest.c
conftest.c:11:28: fatal error: ac_nonexistent.h: No such file or directory
compilation terminated.
configure:7607: $? = 1
configure: failed program was:
| /* confdefs.h */
| #define PACKAGE_NAME "libjaylink"
| #define PACKAGE_TARNAME "libjaylink"
| #define PACKAGE_VERSION "0.2.0"
| #define PACKAGE_STRING "libjaylink 0.2.0"
| #define PACKAGE_BUGREPORT "jaylink-dev@marcschink.de"
| #define PACKAGE_URL "http://git.zapb.de/libjaylink.git"
| #define PACKAGE "libjaylink"
| #define VERSION "0.2.0"
| /* end confdefs.h.  */
| #include <ac_nonexistent.h>
configure:7636: checking for ANSI C header files
configure:7656: gcc -c -g -O2  conftest.c >&5
configure:7656: $? = 0
configure:7729: gcc -o conftest -g -O2   conftest.c  >&5
configure:7729: $? = 0
configure:7729: ./conftest
configure:7729: $? = 0
configure:7740: result: yes
configure:7753: checking for sys/types.h
configure:7753: gcc -c -g -O2  conftest.c >&5
configure:7753: $? = 0
configure:7753: result: yes
configure:7753: checking for sys/stat.h
configure:7753: gcc -c -g -O2  conftest.c >&5
configure:7753: $? = 0
configure:7753: result: yes
configure:7753: checking for stdlib.h
configure:7753: gcc -c -g -O2  conftest.c >&5
configure:7753: $? = 0
configure:7753: result: yes
configure:7753: checking for string.h
configure:7753: gcc -c -g -O2  conftest.c >&5
configure:7753: $? = 0
configure:7753: result: yes
configure:7753: checking for memory.h
configure:7753: gcc -c -g -O2  conftest.c >&5
configure:7753: $? = 0
configure:7753: result: yes
configure:7753: checking for strings.h
configure:7753: gcc -c -g -O2  conftest.c >&5
configure:7753: $? = 0
configure:7753: result: yes
configure:7753: checking for inttypes.h
configure:7753: gcc -c -g -O2  conftest.c >&5
configure:7753: $? = 0
configure:7753: result: yes
configure:7753: checking for stdint.h
configure:7753: gcc -c -g -O2  conftest.c >&5
configure:7753: $? = 0
configure:7753: result: yes
configure:7753: checking for unistd.h
configure:7753: gcc -c -g -O2  conftest.c >&5
configure:7753: $? = 0
configure:7753: result: yes
configure:7767: checking for dlfcn.h
configure:7767: gcc -c -g -O2  conftest.c >&5
configure:7767: $? = 0
configure:7767: result: yes
configure:8023: checking for objdir
configure:8038: result: .libs
configure:8302: checking if gcc supports -fno-rtti -fno-exceptions
configure:8320: gcc -c -g -O2  -fno-rtti -fno-exceptions conftest.c >&5
cc1: warning: command line option '-fno-rtti' is valid for C++/ObjC++ but not for C
configure:8324: $? = 0
configure:8337: result: no
configure:8695: checking for gcc option to produce PIC
configure:8702: result: -fPIC -DPIC
configure:8710: checking if gcc PIC flag -fPIC -DPIC works
configure:8728: gcc -c -g -O2  -fPIC -DPIC -DPIC conftest.c >&5
configure:8732: $? = 0
configure:8745: result: yes
configure:8774: checking if gcc static flag -static works
configure:8802: result: yes
configure:8817: checking if gcc supports -c -o file.o
configure:8838: gcc -c -g -O2  -o out/conftest2.o conftest.c >&5
configure:8842: $? = 0
configure:8864: result: yes
configure:8872: checking if gcc supports -c -o file.o
configure:8919: result: yes
configure:8952: checking whether the gcc linker (/usr/bin/ld -m elf_x86_64) supports shared libraries
configure:10215: result: yes
configure:10252: checking whether -lc should be explicitly linked in
configure:10260: gcc -c -g -O2  conftest.c >&5
configure:10263: $? = 0
configure:10278: gcc -shared  -fPIC -DPIC conftest.o  -v -Wl,-soname -Wl,conftest -o conftest 2\>\&1 \| /bin/grep  -lc  \>/dev/null 2\>\&1
configure:10281: $? = 0
configure:10295: result: no
configure:10455: checking dynamic linker characteristics
configure:11036: gcc -o conftest -g -O2   -Wl,-rpath -Wl,/foo conftest.c  >&5
configure:11036: $? = 0
configure:11285: result: GNU/Linux ld.so
configure:11407: checking how to hardcode library paths into programs
configure:11432: result: immediate
configure:11980: checking whether stripping libraries is possible
configure:11985: result: yes
configure:12020: checking if libtool supports shared libraries
configure:12022: result: yes
configure:12025: checking whether to build shared libraries
configure:12050: result: yes
configure:12053: checking whether to build static libraries
configure:12057: result: yes
configure:12150: checking for pkg-config
configure:12168: found /usr/bin/pkg-config
configure:12180: result: /usr/bin/pkg-config
configure:12205: checking pkg-config is at least version 0.9.0
configure:12208: result: yes
configure:12222: checking for libusb
configure:12229: $PKG_CONFIG --exists --print-errors "libusb-1.0 >= 1.0.9"
configure:12232: $? = 0
configure:12246: $PKG_CONFIG --exists --print-errors "libusb-1.0 >= 1.0.9"
configure:12249: $? = 0
configure:12287: result: yes
configure:12301: checking whether byte ordering is bigendian
configure:12316: gcc -c -g -O2  conftest.c >&5
conftest.c:24:9: error: unknown type name 'not'
         not a universal capable compiler
         ^
conftest.c:24:15: error: expected '=', ',', ';', 'asm' or '__attribute__' before 'universal'
         not a universal capable compiler
               ^
conftest.c:24:15: error: unknown type name 'universal'
configure:12316: $? = 1
configure: failed program was:
| /* confdefs.h */
| #define PACKAGE_NAME "libjaylink"
| #define PACKAGE_TARNAME "libjaylink"
| #define PACKAGE_VERSION "0.2.0"
| #define PACKAGE_STRING "libjaylink 0.2.0"
| #define PACKAGE_BUGREPORT "jaylink-dev@marcschink.de"
| #define PACKAGE_URL "http://git.zapb.de/libjaylink.git"
| #define PACKAGE "libjaylink"
| #define VERSION "0.2.0"
| #define STDC_HEADERS 1
| #define HAVE_SYS_TYPES_H 1
| #define HAVE_SYS_STAT_H 1
| #define HAVE_STDLIB_H 1
| #define HAVE_STRING_H 1
| #define HAVE_MEMORY_H 1
| #define HAVE_STRINGS_H 1
| #define HAVE_INTTYPES_H 1
| #define HAVE_STDINT_H 1
| #define HAVE_UNISTD_H 1
| #define HAVE_DLFCN_H 1
| #define LT_OBJDIR ".libs/"
| /* end confdefs.h.  */
| #ifndef __APPLE_CC__
| 	       not a universal capable compiler
| 	     #endif
| 	     typedef int dummy;
| 
configure:12361: gcc -c -g -O2  conftest.c >&5
configure:12361: $? = 0
configure:12379: gcc -c -g -O2  conftest.c >&5
conftest.c: In function 'main':
conftest.c:30:4: error: unknown type name 'not'
    not big endian
    ^
conftest.c:30:12: error: expected '=', ',', ';', 'asm' or '__attribute__' before 'endian'
    not big endian
            ^
configure:12379: $? = 1
configure: failed program was:
| /* confdefs.h */
| #define PACKAGE_NAME "libjaylink"
| #define PACKAGE_TARNAME "libjaylink"
| #define PACKAGE_VERSION "0.2.0"
| #define PACKAGE_STRING "libjaylink 0.2.0"
| #define PACKAGE_BUGREPORT "jaylink-dev@marcschink.de"
| #define PACKAGE_URL "http://git.zapb.de/libjaylink.git"
| #define PACKAGE "libjaylink"
| #define VERSION "0.2.0"
| #define STDC_HEADERS 1
| #define HAVE_SYS_TYPES_H 1
| #define HAVE_SYS_STAT_H 1
| #define HAVE_STDLIB_H 1
| #define HAVE_STRING_H 1
| #define HAVE_MEMORY_H 1
| #define HAVE_STRINGS_H 1
| #define HAVE_INTTYPES_H 1
| #define HAVE_STDINT_H 1
| #define HAVE_UNISTD_H 1
| #define HAVE_DLFCN_H 1
| #define LT_OBJDIR ".libs/"
| /* end confdefs.h.  */
| #include <sys/types.h>
| 		#include <sys/param.h>
| 
| int
| main ()
| {
| #if BYTE_ORDER != BIG_ENDIAN
| 		 not big endian
| 		#endif
| 
|   ;
|   return 0;
| }
configure:12507: result: no
configure:12787: checking that generated files are newer than configure
configure:12793: result: done
configure:12825: creating ./config.status

## ---------------------- ##
## Running config.status. ##
## ---------------------- ##

This file was extended by libjaylink config.status 0.2.0, which was
generated by GNU Autoconf 2.69.  Invocation command line was

  CONFIG_FILES    = 
  CONFIG_HEADERS  = 
  CONFIG_LINKS    = 
  CONFIG_COMMANDS = 
  $ ./config.status 

on Pluto

config.status:1112: creating Makefile
config.status:1112: creating libjaylink/Makefile
config.status:1112: creating libjaylink/version.h
config.status:1112: creating libjaylink.pc
config.status:1112: creating Doxyfile
config.status:1112: creating config.h
config.status:1293: config.h is unchanged
config.status:1341: executing depfiles commands
config.status:1341: executing libtool commands

## ---------------- ##
## Cache variables. ##
## ---------------- ##

ac_cv_build=x86_64-pc-linux-gnu
ac_cv_c_bigendian=no
ac_cv_c_compiler_gnu=yes
ac_cv_env_CC_set=
ac_cv_env_CC_value=
ac_cv_env_CFLAGS_set=
ac_cv_env_CFLAGS_value=
ac_cv_env_CPPFLAGS_set=
ac_cv_env_CPPFLAGS_value=
ac_cv_env_CPP_set=
ac_cv_env_CPP_value=
ac_cv_env_LDFLAGS_set=
ac_cv_env_LDFLAGS_value=
ac_cv_env_LIBS_set=
ac_cv_env_LIBS_value=
ac_cv_env_LT_SYS_LIBRARY_PATH_set=
ac_cv_env_LT_SYS_LIBRARY_PATH_value=
ac_cv_env_PKG_CONFIG_LIBDIR_set=
ac_cv_env_PKG_CONFIG_LIBDIR_value=
ac_cv_env_PKG_CONFIG_PATH_set=
ac_cv_env_PKG_CONFIG_PATH_value=
ac_cv_env_PKG_CONFIG_set=
ac_cv_env_PKG_CONFIG_value=
ac_cv_env_build_alias_set=
ac_cv_env_build_alias_value=
ac_cv_env_host_alias_set=
ac_cv_env_host_alias_value=
ac_cv_env_libusb_CFLAGS_set=
ac_cv_env_libusb_CFLAGS_value=
ac_cv_env_libusb_LIBS_set=
ac_cv_env_libusb_LIBS_value=
ac_cv_env_target_alias_set=
ac_cv_env_target_alias_value=
ac_cv_header_dlfcn_h=yes
ac_cv_header_inttypes_h=yes
ac_cv_header_memory_h=yes
ac_cv_header_stdc=yes
ac_cv_header_stdint_h=yes
ac_cv_header_stdlib_h=yes
ac_cv_header_string_h=yes
ac_cv_header_strings_h=yes
ac_cv_header_sys_stat_h=yes
ac_cv_header_sys_types_h=yes
ac_cv_header_unistd_h=yes
ac_cv_host=x86_64-pc-linux-gnu
ac_cv_objext=o
ac_cv_path_EGREP='/bin/grep -E'
ac_cv_path_FGREP='/bin/grep -F'
ac_cv_path_GREP=/bin/grep
ac_cv_path_SED=/bin/sed
ac_cv_path_ac_pt_PKG_CONFIG=/usr/bin/pkg-config
ac_cv_path_install='/usr/bin/install -c'
ac_cv_path_lt_DD=/bin/dd
ac_cv_path_mkdir=/bin/mkdir
ac_cv_prog_AWK=gawk
ac_cv_prog_CPP='gcc -E'
ac_cv_prog_ac_ct_AR=ar
ac_cv_prog_ac_ct_CC=gcc
ac_cv_prog_ac_ct_MANIFEST_TOOL=mt
ac_cv_prog_ac_ct_OBJDUMP=objdump
ac_cv_prog_ac_ct_RANLIB=ranlib
ac_cv_prog_ac_ct_STRIP=strip
ac_cv_prog_cc_c89=
ac_cv_prog_cc_g=yes
ac_cv_prog_make_make_set=yes
am_cv_CC_dependencies_compiler_type=gcc3
am_cv_ar_interface=ar
am_cv_make_support_nested_variables=yes
am_cv_prog_cc_c_o=yes
lt_cv_ar_at_file=@
lt_cv_archive_cmds_need_lc=no
lt_cv_deplibs_check_method=pass_all
lt_cv_file_magic_cmd='$MAGIC_CMD'
lt_cv_file_magic_test_file=
lt_cv_ld_reload_flag=-r
lt_cv_nm_interface='BSD nm'
lt_cv_objdir=.libs
lt_cv_path_LD=/usr/bin/ld
lt_cv_path_NM='/usr/bin/nm -B'
lt_cv_path_mainfest_tool=no
lt_cv_prog_compiler_c_o=yes
lt_cv_prog_compiler_pic='-fPIC -DPIC'
lt_cv_prog_compiler_pic_works=yes
lt_cv_prog_compiler_rtti_exceptions=no
lt_cv_prog_compiler_static_works=yes
lt_cv_prog_gnu_ld=yes
lt_cv_sharedlib_from_linklib_cmd='printf %s\n'
lt_cv_shlibpath_overrides_runpath=no
lt_cv_sys_global_symbol_pipe='sed -n -e '\''s/^.*[	 ]\([ABCDGIRSTW][ABCDGIRSTW]*\)[	 ][	 ]*\([_A-Za-z][_A-Za-z0-9]*\)$/\1 \2 \2/p'\'' | sed '\''/ __gnu_lto/d'\'''
lt_cv_sys_global_symbol_to_c_name_address='sed -n -e '\''s/^: \(.*\) .*$/  {"\1", (void *) 0},/p'\'' -e '\''s/^[ABCDGIRSTW][ABCDGIRSTW]* .* \(.*\)$/  {"\1", (void *) \&\1},/p'\'''
lt_cv_sys_global_symbol_to_c_name_address_lib_prefix='sed -n -e '\''s/^: \(.*\) .*$/  {"\1", (void *) 0},/p'\'' -e '\''s/^[ABCDGIRSTW][ABCDGIRSTW]* .* \(lib.*\)$/  {"\1", (void *) \&\1},/p'\'' -e '\''s/^[ABCDGIRSTW][ABCDGIRSTW]* .* \(.*\)$/  {"lib\1", (void *) \&\1},/p'\'''
lt_cv_sys_global_symbol_to_cdecl='sed -n -e '\''s/^T .* \(.*\)$/extern int \1();/p'\'' -e '\''s/^[ABCDGIRSTW][ABCDGIRSTW]* .* \(.*\)$/extern char \1;/p'\'''
lt_cv_sys_global_symbol_to_import=
lt_cv_sys_max_cmd_len=1572864
lt_cv_to_host_file_cmd=func_convert_file_noop
lt_cv_to_tool_file_cmd=func_convert_file_noop
lt_cv_truncate_bin='/bin/dd bs=4096 count=1'
pkg_cv_libusb_CFLAGS=-I/usr/include/libusb-1.0
pkg_cv_libusb_LIBS=-lusb-1.0

## ----------------- ##
## Output variables. ##
## ----------------- ##

ACLOCAL='${SHELL} /home/mihai/Programs/openocd_nrf52/openocd-code/src/jtag/drivers/libjaylink/build-aux/missing aclocal-1.15'
AMDEPBACKSLASH='\'
AMDEP_FALSE='#'
AMDEP_TRUE=''
AMTAR='$${TAR-tar}'
AM_BACKSLASH='\'
AM_DEFAULT_V='$(AM_DEFAULT_VERBOSITY)'
AM_DEFAULT_VERBOSITY='1'
AM_LIBTOOLFLAGS='--silent'
AM_V='$(V)'
AR='ar'
AUTOCONF='${SHELL} /home/mihai/Programs/openocd_nrf52/openocd-code/src/jtag/drivers/libjaylink/build-aux/missing autoconf'
AUTOHEADER='${SHELL} /home/mihai/Programs/openocd_nrf52/openocd-code/src/jtag/drivers/libjaylink/build-aux/missing autoheader'
AUTOMAKE='${SHELL} /home/mihai/Programs/openocd_nrf52/openocd-code/src/jtag/drivers/libjaylink/build-aux/missing automake-1.15'
AWK='gawk'
CC='gcc'
CCDEPMODE='depmode=gcc3'
CFLAGS='-g -O2'
CPP='gcc -E'
CPPFLAGS=''
CYGPATH_W='echo'
DEFS='-DHAVE_CONFIG_H'
DEPDIR='.deps'
DLLTOOL='false'
DSYMUTIL=''
DUMPBIN=''
ECHO_C=''
ECHO_N='-n'
ECHO_T=''
EGREP='/bin/grep -E'
EXEEXT=''
FGREP='/bin/grep -F'
GREP='/bin/grep'
HAVE_LIBUSB_FALSE='#'
HAVE_LIBUSB_TRUE=''
INSTALL_DATA='${INSTALL} -m 644'
INSTALL_PROGRAM='${INSTALL}'
INSTALL_SCRIPT='${INSTALL}'
INSTALL_STRIP_PROGRAM='$(install_sh) -c -s'
JAYLINK_CFLAGS='-Wall -Wextra -Werror -fvisibility=hidden'
JAYLINK_LDFLAGS=''
JAYLINK_LIBS=''
JAYLINK_PKG_LIBS='libusb-1.0'
JAYLINK_VERSION_LIBRARY='0:0:0'
JAYLINK_VERSION_LIBRARY_AGE='0'
JAYLINK_VERSION_LIBRARY_CURRENT='0'
JAYLINK_VERSION_LIBRARY_REVISION='0'
JAYLINK_VERSION_PACKAGE='0.2.0-git-8645845'
JAYLINK_VERSION_PACKAGE_MAJOR='0'
JAYLINK_VERSION_PACKAGE_MICRO='0'
JAYLINK_VERSION_PACKAGE_MINOR='2'
LD='/usr/bin/ld -m elf_x86_64'
LDFLAGS=''
LIBOBJS=''
LIBS=''
LIBTOOL='$(SHELL) $(top_builddir)/libtool'
LIPO=''
LN_S='ln -s'
LTLIBOBJS=''
LT_SYS_LIBRARY_PATH=''
MAKEINFO='${SHELL} /home/mihai/Programs/openocd_nrf52/openocd-code/src/jtag/drivers/libjaylink/build-aux/missing makeinfo'
MANIFEST_TOOL=':'
MKDIR_P='/bin/mkdir -p'
NM='/usr/bin/nm -B'
NMEDIT=''
OBJDUMP='objdump'
OBJEXT='o'
OTOOL64=''
OTOOL=''
PACKAGE='libjaylink'
PACKAGE_BUGREPORT='jaylink-dev@marcschink.de'
PACKAGE_NAME='libjaylink'
PACKAGE_STRING='libjaylink 0.2.0'
PACKAGE_TARNAME='libjaylink'
PACKAGE_URL='http://git.zapb.de/libjaylink.git'
PACKAGE_VERSION='0.2.0'
PATH_SEPARATOR=':'
PKG_CONFIG='/usr/bin/pkg-config'
PKG_CONFIG_LIBDIR=''
PKG_CONFIG_PATH=''
RANLIB='ranlib'
SED='/bin/sed'
SET_MAKE=''
SHELL='/bin/bash'
STRIP='strip'
SUBPROJECT_BUILD_FALSE='#'
SUBPROJECT_BUILD_TRUE=''
VERSION='0.2.0'
ac_ct_AR='ar'
ac_ct_CC='gcc'
ac_ct_DUMPBIN=''
am__EXEEXT_FALSE=''
am__EXEEXT_TRUE='#'
am__fastdepCC_FALSE='#'
am__fastdepCC_TRUE=''
am__include='include'
am__isrc=''
am__leading_dot='.'
am__nodep='_no'
am__quote=''
am__tar='$${TAR-tar} chof - "$$tardir"'
am__untar='$${TAR-tar} xf -'
bindir='${exec_prefix}/bin'
build='x86_64-pc-linux-gnu'
build_alias=''
build_cpu='x86_64'
build_os='linux-gnu'
build_vendor='pc'
datadir='${datarootdir}'
datarootdir='${prefix}/share'
docdir='${datarootdir}/doc/${PACKAGE_TARNAME}'
dvidir='${docdir}'
exec_prefix='${prefix}'
host='x86_64-pc-linux-gnu'
host_alias=''
host_cpu='x86_64'
host_os='linux-gnu'
host_vendor='pc'
htmldir='${docdir}'
includedir='${prefix}/include'
infodir='${datarootdir}/info'
install_sh='${SHELL} /home/mihai/Programs/openocd_nrf52/openocd-code/src/jtag/drivers/libjaylink/build-aux/install-sh'
libdir='${exec_prefix}/lib'
libexecdir='${exec_prefix}/libexec'
libusb_CFLAGS='-I/usr/include/libusb-1.0'
libusb_LIBS='-lusb-1.0'
localedir='${datarootdir}/locale'
localstatedir='${prefix}/var'
mandir='${datarootdir}/man'
mkdir_p='$(MKDIR_P)'
oldincludedir='/usr/include'
pdfdir='${docdir}'
prefix='/usr/local'
program_transform_name='s,x,x,'
psdir='${docdir}'
runstatedir='${localstatedir}/run'
sbindir='${exec_prefix}/sbin'
sharedstatedir='${prefix}/com'
sysconfdir='${prefix}/etc'
target_alias=''

## ----------- ##
## confdefs.h. ##
## ----------- ##

/* confdefs.h */
#define PACKAGE_NAME "libjaylink"
#define PACKAGE_TARNAME "libjaylink"
#define PACKAGE_VERSION "0.2.0"
#define PACKAGE_STRING "libjaylink 0.2.0"
#define PACKAGE_BUGREPORT "jaylink-dev@marcschink.de"
#define PACKAGE_URL "http://git.zapb.de/libjaylink.git"
#define PACKAGE "libjaylink"
#define VERSION "0.2.0"
#define STDC_HEADERS 1
#define HAVE_SYS_TYPES_H 1
#define HAVE_SYS_STAT_H 1
#define HAVE_STDLIB_H 1
#define HAVE_STRING_H 1
#define HAVE_MEMORY_H 1
#define HAVE_STRINGS_H 1
#define HAVE_INTTYPES_H 1
#define HAVE_STDINT_H 1
#define HAVE_UNISTD_H 1
#define HAVE_DLFCN_H 1
#define LT_OBJDIR ".libs/"
#define HAVE_LIBUSB 1

configure: exit 0
